[WARN ]2023-12-1523:51:52.767[main]utilities.LoggerLoad1)-Warning - Status of login page Please fill out this field.
[WARN ]2023-12-1523:51:53.155[main]utilities.LoggerLoad1)-Warning - Status of login page Please fill out this field.
[WARN ]2023-12-1523:51:53.912[main]utilities.LoggerLoad1)-Warning - Status of login page Please fill out this field.
[WARN ]2023-12-1523:51:54.712[main]utilities.LoggerLoad1)-Warning - Status of login page Please fill out this field.
[WARN ]2023-12-1523:51:55.552[main]utilities.LoggerLoad1)-Warning - Status of login page null
[INFO ]2023-12-1523:51:55.552[main]utilities.LoggerLoad1)-info - user logged in successfully
[INFO ]2023-12-1523:51:55.824[main]utilities.LoggerLoad1)-info - user signed out successfully
[WARN ]2023-12-1523:59:43.418[main]utilities.LoggerLoad1)-Warning - Status of login page Please fill out this field.
[WARN ]2023-12-1523:59:44.045[main]utilities.LoggerLoad1)-Warning - Status of login page Please fill out this field.
[WARN ]2023-12-1523:59:44.861[main]utilities.LoggerLoad1)-Warning - Status of login page Please fill out this field.
[WARN ]2023-12-1523:59:45.790[main]utilities.LoggerLoad1)-Warning - Status of login page Please fill out this field.
[WARN ]2023-12-1523:59:46.849[main]utilities.LoggerLoad1)-Warning - Status of login page null
[INFO ]2023-12-1600:06:23.531[main]utilities.LoggerLoad1)-info - Status of login page Please fill out this field.
[WARN ]2023-12-1600:06:23.580[main]utilities.LoggerLoad1)-Warning - Status of login page Please fill out this field.
[INFO ]2023-12-1600:06:23.977[main]utilities.LoggerLoad1)-info - Status of login page Please fill out this field.
[WARN ]2023-12-1600:06:24.004[main]utilities.LoggerLoad1)-Warning - Status of login page Please fill out this field.
[INFO ]2023-12-1600:06:24.697[main]utilities.LoggerLoad1)-info - Status of login page Invalid Username and Password
[WARN ]2023-12-1600:06:24.735[main]utilities.LoggerLoad1)-Warning - Status of login page Please fill out this field.
[INFO ]2023-12-1600:06:25.491[main]utilities.LoggerLoad1)-info - Status of login page Invalid Username and Password
[WARN ]2023-12-1600:06:25.561[main]utilities.LoggerLoad1)-Warning - Status of login page Please fill out this field.
[INFO ]2023-12-1600:06:26.459[main]utilities.LoggerLoad1)-info - Status of login page success
[WARN ]2023-12-1600:06:26.630[main]utilities.LoggerLoad1)-Warning - Status of login page null
[INFO ]2023-12-1600:08:39.003[main]utilities.LoggerLoad1)-info - Status of login page success
[WARN ]2023-12-1600:08:39.089[main]utilities.LoggerLoad1)-Warning - Status of login page null
[INFO ]2023-12-1600:12:41.034[main]utilities.LoggerLoad1)-info - Status of login page success
[WARN ]2023-12-1600:12:41.121[main]utilities.LoggerLoad1)-Warning - Status of login page null
[WARN ]2023-12-1600:15:11.241[main]utilities.LoggerLoad1)-Warning - Status of login page Please fill out this field.
[INFO ]2023-12-1600:15:11.269[main]utilities.LoggerLoad1)-info - user logged in successfully
[WARN ]2023-12-1600:15:41.998[main]utilities.LoggerLoad1)-Warning - Status of login page Please fill out this field.
[WARN ]2023-12-1600:15:42.443[main]utilities.LoggerLoad1)-Warning - Status of login page Please fill out this field.
[WARN ]2023-12-1600:15:43.291[main]utilities.LoggerLoad1)-Warning - Status of login page Please fill out this field.
[WARN ]2023-12-1600:15:44.004[main]utilities.LoggerLoad1)-Warning - Status of login page Please fill out this field.
[WARN ]2023-12-1600:15:44.784[main]utilities.LoggerLoad1)-Warning - Status of login page null
[INFO ]2023-12-1600:15:44.787[main]utilities.LoggerLoad1)-info - user logged in successfully
[INFO ]2023-12-1600:15:45.428[main]utilities.LoggerLoad1)-info - user signed out successfully
[WARN ]2023-12-1600:18:01.348[main]utilities.LoggerLoad1)-Warning - Status of login page Please fill out this field.
[WARN ]2023-12-1600:18:01.352[main]utilities.LoggerLoad1)-Warning - Status of login page Please fill out this field.
[WARN ]2023-12-1600:18:32.092[main]utilities.LoggerLoad1)-Warning - Status of login page Please fill out this field.
[WARN ]2023-12-1600:18:32.092[main]utilities.LoggerLoad1)-Warning - Status of login page Please fill out this field.
[WARN ]2023-12-1600:19:02.823[main]utilities.LoggerLoad1)-Warning - Status of login page Please fill out this field.
[WARN ]2023-12-1600:19:02.824[main]utilities.LoggerLoad1)-Warning - Status of login page Invalid Username and Password
[WARN ]2023-12-1600:19:03.614[main]utilities.LoggerLoad1)-Warning - Status of login page Please fill out this field.
[WARN ]2023-12-1600:19:03.615[main]utilities.LoggerLoad1)-Warning - Status of login page Invalid Username and Password
[WARN ]2023-12-1600:19:04.492[main]utilities.LoggerLoad1)-Warning - Status of login page null
[WARN ]2023-12-1600:19:04.493[main]utilities.LoggerLoad1)-Warning - Status of login page success
[INFO ]2023-12-1600:19:05.252[main]utilities.LoggerLoad1)-info - user signed out successfully
[WARN ]2023-12-1600:22:42.861[main]utilities.LoggerLoad1)-Warning - Status of login page Please fill out this field.
[WARN ]2023-12-1600:22:42.865[main]utilities.LoggerLoad1)-Warning - Status of login page Please fill out this field.
[WARN ]2023-12-1600:22:43.282[main]utilities.LoggerLoad1)-Warning - Status of login page Please fill out this field.
[WARN ]2023-12-1600:22:43.282[main]utilities.LoggerLoad1)-Warning - Status of login page Please fill out this field.
[WARN ]2023-12-1600:22:44.065[main]utilities.LoggerLoad1)-Warning - Status of login page Please fill out this field.
[WARN ]2023-12-1600:22:44.065[main]utilities.LoggerLoad1)-Warning - Status of login page Invalid Username and Password
[WARN ]2023-12-1600:22:44.876[main]utilities.LoggerLoad1)-Warning - Status of login page Please fill out this field.
[WARN ]2023-12-1600:22:44.876[main]utilities.LoggerLoad1)-Warning - Status of login page Invalid Username and Password
[WARN ]2023-12-1600:22:45.725[main]utilities.LoggerLoad1)-Warning - Status of login page null
[WARN ]2023-12-1600:22:45.727[main]utilities.LoggerLoad1)-Warning - Status of login page success
[INFO ]2023-12-1600:22:45.727[main]utilities.LoggerLoad1)-info - user logged in successfully
[INFO ]2023-12-1600:22:46.386[main]utilities.LoggerLoad1)-info - user signed out successfully
[WARN ]2023-12-1600:28:05.222[main]utilities.LoggerLoad1)-Warning - Status of login page Please fill out this field.
[WARN ]2023-12-1600:28:05.229[main]utilities.LoggerLoad1)-Warning - Status of login page Please fill out this field.
[WARN ]2023-12-1600:28:35.880[main]utilities.LoggerLoad1)-Warning - Status of login page Please fill out this field.
[WARN ]2023-12-1600:28:35.881[main]utilities.LoggerLoad1)-Warning - Status of login page Please fill out this field.
[WARN ]2023-12-1600:29:05.092[main]utilities.LoggerLoad1)-Warning - Status of login page Please fill out this field.
[WARN ]2023-12-1600:29:05.102[main]utilities.LoggerLoad1)-Warning - Status of login page Please fill out this field.
[WARN ]2023-12-1600:30:35.699[main]utilities.LoggerLoad1)-Warning - Status of login page Please fill out this field.
[WARN ]2023-12-1600:30:36.057[main]utilities.LoggerLoad1)-Warning - Status of login page Please fill out this field.
[WARN ]2023-12-1600:30:36.598[main]utilities.LoggerLoad1)-Warning - Status of login page Please fill out this field.
[WARN ]2023-12-1600:30:37.121[main]utilities.LoggerLoad1)-Warning - Status of login page Please fill out this field.
[WARN ]2023-12-1600:30:37.782[main]utilities.LoggerLoad1)-Warning - Status of login page null
[INFO ]2023-12-1600:30:37.783[main]utilities.LoggerLoad1)-info - user statussuccess
[INFO ]2023-12-1600:30:38.206[main]utilities.LoggerLoad1)-info - user signed out successfully
[WARN ]2023-12-1600:31:11.541[main]utilities.LoggerLoad1)-Warning - Status of login page Please fill out this field.
[WARN ]2023-12-1600:31:11.901[main]utilities.LoggerLoad1)-Warning - Status of login page Please fill out this field.
[WARN ]2023-12-1600:31:12.386[main]utilities.LoggerLoad1)-Warning - Status of login page Please fill out this field.
[WARN ]2023-12-1600:31:12.889[main]utilities.LoggerLoad1)-Warning - Status of login page Please fill out this field.
[WARN ]2023-12-1600:31:13.571[main]utilities.LoggerLoad1)-Warning - Status of login page null
[INFO ]2023-12-1600:31:13.572[main]utilities.LoggerLoad1)-info - user statussuccess
[INFO ]2023-12-1600:31:13.934[main]utilities.LoggerLoad1)-info - user signed out successfully
[WARN ]2023-12-1600:35:33.598[main]utilities.LoggerLoad1)-Warning - Status of login page Please fill out this field.
[WARN ]2023-12-1600:35:33.917[main]utilities.LoggerLoad1)-Warning - Status of login page Please fill out this field.
[WARN ]2023-12-1600:35:34.420[main]utilities.LoggerLoad1)-Warning - Status of login page Please fill out this field.
[WARN ]2023-12-1600:35:34.880[main]utilities.LoggerLoad1)-Warning - Status of login page Please fill out this field.
[WARN ]2023-12-1600:35:35.466[main]utilities.LoggerLoad1)-Warning - Status of login page null
[INFO ]2023-12-1600:35:35.467[main]utilities.LoggerLoad1)-info - user statussuccess
[INFO ]2023-12-1600:35:35.814[main]utilities.LoggerLoad1)-info - user signed out successfully
[WARN ]2023-12-1820:50:09.490[main]utilities.LoggerLoad1)-Warning - Status of login page Please fill out this field.
[WARN ]2023-12-1820:50:10.077[main]utilities.LoggerLoad1)-Warning - Status of login page Please fill out this field.
[WARN ]2023-12-1820:50:10.900[main]utilities.LoggerLoad1)-Warning - Status of login page Please fill out this field.
[WARN ]2023-12-1820:50:11.630[main]utilities.LoggerLoad1)-Warning - Status of login page Please fill out this field.
[WARN ]2023-12-1820:50:12.541[main]utilities.LoggerLoad1)-Warning - Status of login page null
[INFO ]2023-12-1820:50:12.541[main]utilities.LoggerLoad1)-info - user statussuccess
[INFO ]2023-12-1820:50:13.114[main]utilities.LoggerLoad1)-info - user signed out successfully
[WARN ]2023-12-1913:09:47.480[main]utilities.LoggerLoad1)-Warning - Status of login page Please fill out this field.
[WARN ]2023-12-1913:09:47.959[main]utilities.LoggerLoad1)-Warning - Status of login page Please fill out this field.
[WARN ]2023-12-1913:09:48.705[main]utilities.LoggerLoad1)-Warning - Status of login page Please fill out this field.
[WARN ]2023-12-1913:09:49.388[main]utilities.LoggerLoad1)-Warning - Status of login page Please fill out this field.
[WARN ]2023-12-1913:09:50.249[main]utilities.LoggerLoad1)-Warning - Status of login page null
[INFO ]2023-12-1913:09:50.249[main]utilities.LoggerLoad1)-info - user statussuccess
[INFO ]2023-12-1913:09:50.853[main]utilities.LoggerLoad1)-info - user signed out successfully
[INFO ]2023-12-1913:18:17.456[main]utilities.LoggerLoad1)-info - user statussuccess
[INFO ]2023-12-1913:18:18.022[main]utilities.LoggerLoad1)-info - user signed out successfully
[WARN ]2023-12-1913:19:55.251[main]utilities.LoggerLoad1)-Warning - Status of login page Please fill out this field.
[WARN ]2023-12-1913:19:55.673[main]utilities.LoggerLoad1)-Warning - Status of login page Please fill out this field.
[WARN ]2023-12-1913:19:56.221[main]utilities.LoggerLoad1)-Warning - Status of login page Please fill out this field.
[WARN ]2023-12-1913:19:56.972[main]utilities.LoggerLoad1)-Warning - Status of login page Please fill out this field.
[WARN ]2023-12-1913:19:58.001[main]utilities.LoggerLoad1)-Warning - Status of login page null
[WARN ]2023-12-1913:21:55.866[main]utilities.LoggerLoad1)-Warning - Status of login page Please fill out this field.
[WARN ]2023-12-1913:22:26.394[main]utilities.LoggerLoad1)-Warning - Status of login page Please fill out this field.
[WARN ]2023-12-1913:22:57.147[main]utilities.LoggerLoad1)-Warning - Status of login page Invalid Username and Password
[WARN ]2023-12-1913:22:57.982[main]utilities.LoggerLoad1)-Warning - Status of login page Invalid Username and Password
[WARN ]2023-12-1913:22:58.661[main]utilities.LoggerLoad1)-Warning - Status of login page success
[INFO ]2023-12-1913:22:59.104[main]utilities.LoggerLoad1)-info - user signed out successfully
[INFO ]2023-12-1913:30:35.463[main]utilities.LoggerLoad1)-info - user statusPlease fill out this field.
[INFO ]2023-12-1913:32:27.412[main]utilities.LoggerLoad1)-info - user statusPlease fill out this field.
[INFO ]2023-12-1913:32:57.861[main]utilities.LoggerLoad1)-info - user statusPlease fill out this field.
[INFO ]2023-12-1913:33:28.520[main]utilities.LoggerLoad1)-info - user statusInvalid Username and Password
[INFO ]2023-12-1913:33:29.119[main]utilities.LoggerLoad1)-info - user statusInvalid Username and Password
[INFO ]2023-12-1913:33:29.814[main]utilities.LoggerLoad1)-info - user statussuccess
[INFO ]2023-12-1913:33:30.293[main]utilities.LoggerLoad1)-info - user signed out successfully
[INFO ]2023-12-1913:38:11.212[main]utilities.LoggerLoad1)-info - user statusPlease fill out this field.
[INFO ]2023-12-1913:38:41.767[main]utilities.LoggerLoad1)-info - user statusPlease fill out this field.
[INFO ]2023-12-1913:39:12.504[main]utilities.LoggerLoad1)-info - user statusInvalid Username and Password
[INFO ]2023-12-1913:39:13.179[main]utilities.LoggerLoad1)-info - user statusInvalid Username and Password
[INFO ]2023-12-1913:39:13.895[main]utilities.LoggerLoad1)-info - user statussuccess
[INFO ]2023-12-1913:39:14.504[main]utilities.LoggerLoad1)-info - user signed out successfully
[INFO ]2023-12-1913:46:14.202[main]utilities.LoggerLoad1)-info - user signed out successfully
[INFO ]2023-12-1917:47:14.726[main]utilities.LoggerLoad1)-info - user signed out successfully
[INFO ]2023-12-1917:51:36.366[main]utilities.LoggerLoad1)-info - user signed out successfully
[INFO ]2023-12-1918:24:48.054[main]utilities.LoggerLoad1)-info - user signed out successfully
[WARN ]2023-12-1918:40:36.196[main]utilities.LoggerLoad1)-warning - user not able to loginPlease fill out this field.
[WARN ]2023-12-1918:40:36.883[main]utilities.LoggerLoad1)-warning - user not able to loginPlease fill out this field.
[WARN ]2023-12-1918:40:37.796[main]utilities.LoggerLoad1)-warning - user not able to loginInvalid Username and Password
[WARN ]2023-12-1918:40:38.623[main]utilities.LoggerLoad1)-warning - user not able to loginInvalid Username and Password
[INFO ]2023-12-1918:40:39.980[main]utilities.LoggerLoad1)-info - user signed out successfully
[WARN ]2023-12-1918:41:22.243[main]utilities.LoggerLoad1)-warning - user not able to loginPlease fill out this field.
[WARN ]2023-12-1918:41:22.899[main]utilities.LoggerLoad1)-warning - user not able to loginPlease fill out this field.
[WARN ]2023-12-1918:41:23.841[main]utilities.LoggerLoad1)-warning - user not able to loginInvalid Username and Password
[WARN ]2023-12-1918:41:24.713[main]utilities.LoggerLoad1)-warning - user not able to loginInvalid Username and Password
[INFO ]2023-12-1918:41:26.319[main]utilities.LoggerLoad1)-info - user signed out successfully
[WARN ]2023-12-1918:42:55.280[main]utilities.LoggerLoad1)-warning - user not able to loginPlease fill out this field.
[WARN ]2023-12-1918:42:55.828[main]utilities.LoggerLoad1)-warning - user not able to loginPlease fill out this field.
[WARN ]2023-12-1918:42:56.712[main]utilities.LoggerLoad1)-warning - user not able to loginInvalid Username and Password
[WARN ]2023-12-1918:42:57.539[main]utilities.LoggerLoad1)-warning - user not able to loginInvalid Username and Password
[INFO ]2023-12-1918:42:58.867[main]utilities.LoggerLoad1)-info - user signed out successfully
[WARN ]2023-12-1918:43:33.434[main]utilities.LoggerLoad1)-warning - user not able to loginPlease fill out this field.
[WARN ]2023-12-1918:43:34.130[main]utilities.LoggerLoad1)-warning - user not able to loginPlease fill out this field.
[WARN ]2023-12-1918:43:34.967[main]utilities.LoggerLoad1)-warning - user not able to loginInvalid Username and Password
[WARN ]2023-12-1918:43:35.785[main]utilities.LoggerLoad1)-warning - user not able to loginInvalid Username and Password
[INFO ]2023-12-1918:43:37.269[main]utilities.LoggerLoad1)-info - user signed out successfully
[WARN ]2023-12-1918:44:46.909[main]utilities.LoggerLoad1)-warning - user not able to loginPlease fill out this field.
[WARN ]2023-12-1918:44:47.585[main]utilities.LoggerLoad1)-warning - user not able to loginPlease fill out this field.
[WARN ]2023-12-1918:44:48.396[main]utilities.LoggerLoad1)-warning - user not able to loginInvalid Username and Password
[WARN ]2023-12-1918:44:49.232[main]utilities.LoggerLoad1)-warning - user not able to loginInvalid Username and Password
[WARN ]2023-12-1918:44:50.265[main]utilities.LoggerLoad1)-warning - user not able to loginYou are logged in
[INFO ]2023-12-1918:44:50.592[main]utilities.LoggerLoad1)-info - user signed out successfully
[WARN ]2023-12-1918:47:41.822[main]utilities.LoggerLoad1)-warning - user not able to loginPlease fill out this field.
[WARN ]2023-12-1918:47:42.291[main]utilities.LoggerLoad1)-warning - user not able to loginPlease fill out this field.
[WARN ]2023-12-1918:47:43.223[main]utilities.LoggerLoad1)-warning - user not able to loginInvalid Username and Password
[WARN ]2023-12-1918:47:43.974[main]utilities.LoggerLoad1)-warning - user not able to loginInvalid Username and Password
[WARN ]2023-12-1918:47:44.939[main]utilities.LoggerLoad1)-warning - user not able to loginYou are logged in
[INFO ]2023-12-1918:47:45.582[main]utilities.LoggerLoad1)-info - user signed out successfully
[WARN ]2023-12-3011:11:27.479[main]utilities.LoggerLoad1)-warning - user not able to loginPlease fill out this field.
[WARN ]2023-12-3011:11:27.959[main]utilities.LoggerLoad1)-warning - user not able to loginPlease fill out this field.
[WARN ]2023-12-3011:11:28.607[main]utilities.LoggerLoad1)-warning - user not able to loginInvalid Username and Password
[WARN ]2023-12-3011:11:29.263[main]utilities.LoggerLoad1)-warning - user not able to loginInvalid Username and Password
[WARN ]2023-12-3011:11:30.094[main]utilities.LoggerLoad1)-warning - user not able to loginYou are logged in
[INFO ]2023-12-3011:11:30.558[main]utilities.LoggerLoad1)-info - user signed out successfully
